GET /benchmark/puppies/index.html HTTP/1., 2023-12-07 17:31:26
GET /benchmark/puppies/index.html HTTP/1., 2023-12-07 17:31:26
GET /benchmark/puppies/images/2.jpg HTTP/1., 2023-12-07 17:31:26
GET /benchmark/puppies/style.css HTTP/1., 2023-12-07 17:31:26
GET /benchmark/puppies/images/1.jpg HTTP/1., 2023-12-07 17:31:26
GET /benchmark/puppies/images/2.jpg HTTP/1., 2023-12-07 17:31:26
GET /benchmark/puppies/style.css HTTP/1., 2023-12-07 17:31:26
GET /benchmark/puppies/images/1.jpg HTTP/1., 2023-12-07 17:31:26
GET /benchmark/puppies/images/3.jpg HTTP/1., 2023-12-07 17:31:26
GET /benchmark/puppies/images/3.jpg HTTP/1., 2023-12-07 17:31:26
GET /benchmark/puppies/images/6.jpg HTTP/1., 2023-12-07 17:31:26
GET /benchmark/puppies/images/5.jpg HTTP/1., 2023-12-07 17:31:26
GET /benchmark/puppies/images/4.jpg HTTP/1., 2023-12-07 17:31:26
GET /benchmark/puppies/images/6.jpg HTTP/1., 2023-12-07 17:31:26
GET /benchmark/puppies/images/5.jpg HTTP/1., 2023-12-07 17:31:26
GET /benchmark/puppies/images/4.jpg HTTP/1., 2023-12-07 17:31:26
GET /benchmark/puppies/images/7.jpg HTTP/1., 2023-12-07 17:31:26
GET /benchmark/puppies/images/7.jpg HTTP/1., 2023-12-07 17:31:26
GET /benchmark/puppies/images/8.jpg HTTP/1., 2023-12-07 17:31:26
GET /benchmark/puppies/images/8.jpg HTTP/1., 2023-12-07 17:31:26
GET /benchmark/puppies/images/9.jpg HTTP/1., 2023-12-07 17:31:26
GET /benchmark/puppies/images/9.jpg HTTP/1., 2023-12-07 17:31:26
GET /benchmark/puppies/images/10.jpg HTTP/1., 2023-12-07 17:31:26
GET /benchmark/puppies/images/10.jpg HTTP/1., 2023-12-07 17:31:26
GET /benchmark/puppies/images/11.jpg HTTP/1., 2023-12-07 17:31:26
GET /benchmark/puppies/images/11.jpg HTTP/1., 2023-12-07 17:31:26
GET /benchmark/puppies/images/12.jpg HTTP/1., 2023-12-07 17:31:26
GET /benchmark/puppies/images/12.jpg HTTP/1., 2023-12-07 17:31:26
GET /benchmark/puppies/images/13.jpg HTTP/1., 2023-12-07 17:31:26
GET /benchmark/puppies/images/13.jpg HTTP/1., 2023-12-07 17:31:26
GET /benchmark/puppies/images/14.jpg HTTP/1., 2023-12-07 17:31:27
GET /benchmark/puppies/images/14.jpg HTTP/1., 2023-12-07 17:31:27
GET /benchmark/puppies/images/15.jpg HTTP/1., 2023-12-07 17:31:27
GET /benchmark/puppies/images/16.jpg HTTP/1., 2023-12-07 17:31:27
GET /benchmark/puppies/images/15.jpg HTTP/1., 2023-12-07 17:31:27
GET /benchmark/puppies/images/16.jpg HTTP/1., 2023-12-07 17:31:27
GET /benchmark/puppies/images/17.jpg HTTP/1., 2023-12-07 17:31:27
GET /benchmark/puppies/images/17.jpg HTTP/1., 2023-12-07 17:31:27
GET /benchmark/puppies/images/18.jpg HTTP/1., 2023-12-07 17:31:27
GET /benchmark/puppies/images/18.jpg HTTP/1., 2023-12-07 17:31:27
GET /benchmark/puppies/images/19.jpg HTTP/1., 2023-12-07 17:31:27
GET /benchmark/puppies/images/19.jpg HTTP/1., 2023-12-07 17:31:27
GET /benchmark/puppies/images/20.jpg HTTP/1., 2023-12-07 17:31:27
GET /benchmark/puppies/images/20.jpg HTTP/1., 2023-12-07 17:31:27
GET /benchmark/puppies/images/21.jpg HTTP/1., 2023-12-07 17:31:27
GET /benchmark/puppies/images/21.jpg HTTP/1., 2023-12-07 17:31:27
GET /benchmark/puppies/images/22.jpg HTTP/1., 2023-12-07 17:31:27
GET /benchmark/puppies/images/23.jpg HTTP/1., 2023-12-07 17:31:27
GET /benchmark/puppies/images/24.jpg HTTP/1., 2023-12-07 17:31:27
GET /benchmark/puppies/images/25.jpg HTTP/1., 2023-12-07 17:31:27
GET /benchmark/puppies/images/22.jpg HTTP/1., 2023-12-07 17:31:27
GET /benchmark/puppies/images/23.jpg HTTP/1., 2023-12-07 17:31:27
GET /benchmark/puppies/images/25.jpg HTTP/1., 2023-12-07 17:31:27
GET /benchmark/puppies/images/24.jpg HTTP/1., 2023-12-07 17:31:27
GET /benchmark/puppies/images/26.jpg HTTP/1., 2023-12-07 17:31:27
GET /benchmark/puppies/images/26.jpg HTTP/1., 2023-12-07 17:31:27
GET /benchmark/puppies/images/27.jpg HTTP/1., 2023-12-07 17:31:27
GET /benchmark/puppies/images/27.jpg HTTP/1., 2023-12-07 17:31:27
GET /benchmark/puppies/images/28.jpg HTTP/1., 2023-12-07 17:31:27
GET /benchmark/puppies/images/28.jpg HTTP/1., 2023-12-07 17:31:27
GET /benchmark/puppies/images/29.jpg HTTP/1., 2023-12-07 17:31:27
GET /benchmark/puppies/images/30.jpg HTTP/1., 2023-12-07 17:31:27
GET /benchmark/puppies/images/29.jpg HTTP/1., 2023-12-07 17:31:27
GET /benchmark/puppies/images/30.jpg HTTP/1., 2023-12-07 17:31:27
GET /benchmark/puppies/images/31.jpg HTTP/1., 2023-12-07 17:31:27
GET /benchmark/puppies/images/31.jpg HTTP/1., 2023-12-07 17:31:27
GET /benchmark/puppies/images/32.jpg HTTP/1., 2023-12-07 17:31:27
GET /benchmark/puppies/images/32.jpg HTTP/1., 2023-12-07 17:31:27
GET /benchmark/puppies/images/puppy.png HTTP/1., 2023-12-07 17:31:27
GET /benchmark/puppies/images/puppy.png HTTP/1., 2023-12-07 17:31:27
GET / HTTP/1., 2023-12-07 17:38:22
GET / HTTP/1., 2023-12-07 17:38:22
GET /style.css HTTP/1., 2023-12-07 17:38:22
GET /style.css HTTP/1., 2023-12-07 17:38:22
GET / HTTP/1., 2023-12-07 18:46:51
GET / HTTP/1., 2023-12-07 18:46:51
GET /style.css HTTP/1., 2023-12-07 18:46:51
GET /style.css HTTP/1., 2023-12-07 18:46:51
GET / HTTP/1., 2023-12-07 19:40:04
GET / HTTP/1., 2023-12-07 19:40:04
GET /style.css HTTP/1., 2023-12-07 19:40:04
GET /style.css HTTP/1., 2023-12-07 19:40:04
GET / HTTP/1., 2023-12-07 19:42:15
GET / HTTP/1., 2023-12-07 19:42:15
GET /style.css HTTP/1., 2023-12-07 19:42:15
GET /style.css HTTP/1., 2023-12-07 19:42:15
GET / HTTP/1., 2023-12-07 19:46:11
GET / HTTP/1., 2023-12-07 19:46:11
GET /style.css HTTP/1., 2023-12-07 19:46:12
GET /style.css HTTP/1., 2023-12-07 19:46:12
GET / HTTP/1., 2023-12-07 19:49:49
GET / HTTP/1., 2023-12-07 19:49:49
GET /style.css HTTP/1., 2023-12-07 19:49:49
GET /style.css HTTP/1., 2023-12-07 19:49:49
GET / HTTP/1., 2023-12-07 20:01:13
GET / HTTP/1., 2023-12-07 20:01:13
GET /style.css HTTP/1., 2023-12-07 20:01:13
GET /style.css HTTP/1., 2023-12-07 20:01:13
GET /index.html HTTP/1., 2023-12-07 20:02:34
GET /index.html HTTP/1., 2023-12-07 20:02:34
GET /index.html HTTP/1., 2023-12-07 20:02:34
GET /index.html HTTP/1., 2023-12-07 20:02:34
GET /index.html HTTP/1., 2023-12-07 20:02:34
GET /index.html HTTP/1., 2023-12-07 20:02:49
GET /index.html HTTP/1., 2023-12-07 20:02:49
GET /index.html HTTP/1., 2023-12-07 20:02:49
GET /index.html HTTP/1., 2023-12-07 20:02:49
GET /index.html HTTP/1., 2023-12-07 20:02:49
GET /index.html HTTP/1., 2023-12-07 20:02:49
GET / HTTP/1., 2023-12-07 20:03:21
GET / HTTP/1., 2023-12-07 20:03:21
GET /style.css HTTP/1., 2023-12-07 20:03:21
GET /style.css HTTP/1., 2023-12-07 20:03:21
GET / HTTP/1., 2023-12-07 20:03:23
GET / HTTP/1., 2023-12-07 20:03:23
GET /style.css HTTP/1., 2023-12-07 20:03:24
GET /style.css HTTP/1., 2023-12-07 20:03:24
GET /index.html HTTP/1., 2023-12-07 20:03:29
GET /index.html HTTP/1., 2023-12-07 20:03:29
GET /index.html HTTP/1., 2023-12-07 20:03:29
GET /index.html HTTP/1., 2023-12-07 20:03:29
GET /index.html HTTP/1., 2023-12-07 20:03:56
GET /index.html HTTP/1., 2023-12-07 20:03:56
GET /index.html HTTP/1., 2023-12-07 20:04:26
GET /index.html HTTP/1., 2023-12-07 20:04:26
GET /index.html HTTP/1., 2023-12-07 20:04:26
GET /index.html HTTP/1., 2023-12-07 20:04:26
GET /index.html HTTP/1., 2023-12-07 20:04:26
GET /index.html HTTP/1., 2023-12-07 20:04:26
GET /index.html HTTP/1., 2023-12-07 20:04:26
GET /index.html HTTP/1., 2023-12-07 20:04:26
GET /index.html HTTP/1., 2023-12-07 20:04:26
GET /index.html HTTP/1., 2023-12-07 20:04:26
GET /index.html HTTP/1., 2023-12-07 20:04:26
GET /index.html HTTP/1., 2023-12-07 20:04:26
GET /index.html HTTP/1., 2023-12-07 20:04:26
GET /index.html HTTP/1., 2023-12-07 20:04:26
GET /index.html HTTP/1., 2023-12-07 20:04:26
GET /index.html HTTP/1., 2023-12-07 20:04:26
GET /index.html HTTP/1., 2023-12-07 20:04:26
GET /index.html HTTP/1., 2023-12-07 20:04:26
GET /index.html HTTP/1., 2023-12-07 20:04:26
GET /index.html HTTP/1., 2023-12-07 20:04:26
GET /index.html HTTP/1., 2023-12-07 20:04:26
GET /index.html HTTP/1., 2023-12-07 20:04:26
GET /index.html HTTP/1., 2023-12-07 20:04:26
GET /index.html HTTP/1., 2023-12-07 20:04:26
GET /index.html HTTP/1., 2023-12-07 20:04:26
GET /index.html HTTP/1., 2023-12-07 20:04:26
GET /index.html HTTP/1., 2023-12-07 20:04:26
GET /index.html HTTP/1., 2023-12-07 20:04:26
GET /index.html HTTP/1., 2023-12-07 20:04:26
GET /index.html HTTP/1., 2023-12-07 20:04:26
GET /index.html HTTP/1., 2023-12-07 20:04:26
GET /index.html HTTP/1., 2023-12-07 20:04:26
GET /index.html HTTP/1., 2023-12-07 20:04:26
GET /index.html HTTP/1., 2023-12-07 20:04:26
GET /index.html HTTP/1., 2023-12-07 20:04:26
GET /index.html HTTP/1., 2023-12-07 20:04:26
GET /index.html HTTP/1., 2023-12-07 20:04:26
GET /index.html HTTP/1., 2023-12-07 20:04:26
GET /index.html HTTP/1., 2023-12-07 20:04:26
GET /index.html HTTP/1., 2023-12-07 20:04:26
GET /index.html HTTP/1., 2023-12-07 20:04:26
GET /index.html HTTP/1., 2023-12-07 20:04:26
GET /index.html HTTP/1., 2023-12-07 20:04:26
GET /index.html HTTP/1., 2023-12-07 20:04:26
GET /index.html HTTP/1., 2023-12-07 20:04:26
GET /index.html HTTP/1., 2023-12-07 20:04:26
GET /index.html HTTP/1., 2023-12-07 20:04:26
GET /index.html HTTP/1., 2023-12-07 20:04:26
GET /index.html HTTP/1., 2023-12-07 20:04:26
GET /index.html HTTP/1., 2023-12-07 20:04:26
GET /index.html HTTP/1., 2023-12-07 20:04:26
GET /index.html HTTP/1., 2023-12-07 20:04:26
GET /index.html HTTP/1., 2023-12-07 20:04:26
GET /index.html HTTP/1., 2023-12-07 20:04:26
GET /index.html HTTP/1., 2023-12-07 20:04:26
GET /index.html HTTP/1., 2023-12-07 20:04:26
GET /index.html HTTP/1., 2023-12-07 20:04:26
GET /index.html HTTP/1., 2023-12-07 20:04:26
GET /index.html HTTP/1., 2023-12-07 20:04:26
GET /index.html HTTP/1., 2023-12-07 20:04:26
GET /index.html HTTP/1., 2023-12-07 20:04:26
GET /index.html HTTP/1., 2023-12-07 20:04:26
GET /index.html HTTP/1., 2023-12-07 20:04:26
GET /index.html HTTP/1., 2023-12-07 20:04:26
GET /index.html HTTP/1., 2023-12-07 20:04:26
GET /index.html HTTP/1., 2023-12-07 20:04:26
GET /index.html HTTP/1., 2023-12-07 20:04:26
GET /index.html HTTP/1., 2023-12-07 20:04:26
GET /index.html HTTP/1., 2023-12-07 20:04:26
GET /index.html HTTP/1., 2023-12-07 20:04:26
GET /index.html HTTP/1., 2023-12-07 20:04:26
GET /index.html HTTP/1., 2023-12-07 20:04:26
GET /index.html HTTP/1., 2023-12-07 20:04:26
GET /index.html HTTP/1., 2023-12-07 20:04:26
GET /index.html HTTP/1., 2023-12-07 20:04:26
GET /index.html HTTP/1., 2023-12-07 20:04:26
GET /index.html HTTP/1., 2023-12-07 20:04:26
GET /index.html HTTP/1., 2023-12-07 20:04:26
GET /index.html HTTP/1., 2023-12-07 20:04:26
GET /index.html HTTP/1., 2023-12-07 20:04:26
GET /index.html HTTP/1., 2023-12-07 20:04:26
GET /index.html HTTP/1., 2023-12-07 20:04:26
GET /index.html HTTP/1., 2023-12-07 20:04:26
GET /index.html HTTP/1., 2023-12-07 20:04:26
GET /index.html HTTP/1., 2023-12-07 20:04:26
GET /index.html HTTP/1., 2023-12-07 20:04:26
GET /index.html HTTP/1., 2023-12-07 20:04:26
GET /index.html HTTP/1., 2023-12-07 20:04:26
GET /index.html HTTP/1., 2023-12-07 20:04:26
GET /index.html HTTP/1., 2023-12-07 20:04:26
GET /index.html HTTP/1., 2023-12-07 20:04:26
GET /index.html HTTP/1., 2023-12-07 20:04:26
GET /index.html HTTP/1., 2023-12-07 20:04:26
GET /index.html HTTP/1., 2023-12-07 20:04:26
GET /index.html HTTP/1., 2023-12-07 20:04:26
GET /index.html HTTP/1., 2023-12-07 20:04:26
GET /index.html HTTP/1., 2023-12-07 20:04:26
GET /index.html HTTP/1., 2023-12-07 20:04:26
GET /index.html HTTP/1., 2023-12-07 20:04:26
GET /index.html HTTP/1., 2023-12-07 20:04:26
GET /index.html HTTP/1., 2023-12-07 20:04:26
GET /index.html HTTP/1., 2023-12-07 20:04:26
GET /index.html HTTP/1., 2023-12-07 20:04:26
GET /index.html HTTP/1., 2023-12-07 20:04:26
GET /index.html HTTP/1., 2023-12-07 20:04:26
GET /index.html HTTP/1., 2023-12-07 20:04:26
GET /index.html HTTP/1., 2023-12-07 20:04:26
GET /index.html HTTP/1., 2023-12-07 20:04:26
GET /index.html HTTP/1., 2023-12-07 20:04:26
GET /index.html HTTP/1., 2023-12-07 20:04:26
GET /index.html HTTP/1., 2023-12-07 20:04:26
GET /index.html HTTP/1., 2023-12-07 20:04:26
GET /index.html HTTP/1., 2023-12-07 20:04:26
GET /index.html HTTP/1., 2023-12-07 20:04:26
GET /index.html HTTP/1., 2023-12-07 20:04:26
GET /index.html HTTP/1., 2023-12-07 20:04:26
GET /index.html HTTP/1., 2023-12-07 20:04:26
GET /index.html HTTP/1., 2023-12-07 20:04:26
GET /index.html HTTP/1., 2023-12-07 20:04:26
GET /index.html HTTP/1., 2023-12-07 20:04:26
GET /index.html HTTP/1., 2023-12-07 20:04:26
GET /index.html HTTP/1., 2023-12-07 20:04:26
GET /index.html HTTP/1., 2023-12-07 20:04:26
GET /index.html HTTP/1., 2023-12-07 20:04:26
GET /index.html HTTP/1., 2023-12-07 20:04:26
GET /index.html HTTP/1., 2023-12-07 20:04:26
GET /index.html HTTP/1., 2023-12-07 20:04:26
GET /index.html HTTP/1., 2023-12-07 20:04:26
GET /index.html HTTP/1., 2023-12-07 20:04:26
GET /index.html HTTP/1., 2023-12-07 20:04:26
GET /index.html HTTP/1., 2023-12-07 20:04:26
GET /index.html HTTP/1., 2023-12-07 20:04:26
GET /index.html HTTP/1., 2023-12-07 20:04:26
GET /index.html HTTP/1., 2023-12-07 20:04:26
GET /index.html HTTP/1., 2023-12-07 20:04:26
GET /index.html HTTP/1., 2023-12-07 20:04:26
GET /index.html HTTP/1., 2023-12-07 20:04:26
GET /index.html HTTP/1., 2023-12-07 20:04:26
GET /index.html HTTP/1., 2023-12-07 20:04:26
GET /index.html HTTP/1., 2023-12-07 20:04:26
GET /index.html HTTP/1., 2023-12-07 20:04:26
GET /index.html HTTP/1., 2023-12-07 20:04:26
GET /index.html HTTP/1., 2023-12-07 20:04:26
GET /index.html HTTP/1., 2023-12-07 20:04:26
GET /index.html HTTP/1., 2023-12-07 20:04:26
GET /index.html HTTP/1., 2023-12-07 20:04:26
GET /index.html HTTP/1., 2023-12-07 20:04:26
GET /index.html HTTP/1., 2023-12-07 20:04:26
GET /index.html HTTP/1., 2023-12-07 20:04:26
GET /index.html HTTP/1., 2023-12-07 20:04:26
GET /index.html HTTP/1., 2023-12-07 20:04:26
GET /index.html HTTP/1., 2023-12-07 20:04:26
GET /index.html HTTP/1., 2023-12-07 20:04:26
GET /index.html HTTP/1., 2023-12-07 20:04:26
GET /index.html HTTP/1., 2023-12-07 20:04:26
GET /index.html HTTP/1., 2023-12-07 20:04:26
GET /index.html HTTP/1., 2023-12-07 20:04:26
GET /index.html HTTP/1., 2023-12-07 20:04:26
GET /index.html HTTP/1., 2023-12-07 20:04:26
GET /index.html HTTP/1., 2023-12-07 20:04:26
GET /index.html HTTP/1., 2023-12-07 20:04:26
GET /index.html HTTP/1., 2023-12-07 20:04:26
GET /index.html HTTP/1., 2023-12-07 20:04:26
GET /index.html HTTP/1., 2023-12-07 20:04:26
GET /index.html HTTP/1., 2023-12-07 20:04:26
GET /index.html HTTP/1., 2023-12-07 20:04:26
GET /index.html HTTP/1., 2023-12-07 20:04:26
GET /index.html HTTP/1., 2023-12-07 20:04:26
GET /index.html HTTP/1., 2023-12-07 20:04:26
GET /index.html HTTP/1., 2023-12-07 20:04:26
GET /index.html HTTP/1., 2023-12-07 20:04:26
GET /index.html HTTP/1., 2023-12-07 20:04:26
GET /index.html HTTP/1., 2023-12-07 20:04:26
GET /index.html HTTP/1., 2023-12-07 20:04:26
GET /index.html HTTP/1., 2023-12-07 20:04:26
GET /index.html HTTP/1., 2023-12-07 20:04:26
GET /index.html HTTP/1., 2023-12-07 20:04:26
GET /index.html HTTP/1., 2023-12-07 20:04:26
GET /index.html HTTP/1., 2023-12-07 20:04:26
GET /index.html HTTP/1., 2023-12-07 20:04:26
GET /index.html HTTP/1., 2023-12-07 20:04:26
GET /index.html HTTP/1., 2023-12-07 20:04:26
GET /index.html HTTP/1., 2023-12-07 20:04:26
GET /index.html HTTP/1., 2023-12-07 20:04:26
GET /index.html HTTP/1., 2023-12-07 20:04:26
GET /index.html HTTP/1., 2023-12-07 20:04:26
GET /index.html HTTP/1., 2023-12-07 20:04:26
GET /index.html HTTP/1., 2023-12-07 20:04:26
GET /index.html HTTP/1., 2023-12-07 20:04:26
GET /index.html HTTP/1., 2023-12-07 20:04:26
GET /index.html HTTP/1., 2023-12-07 20:04:26
GET /index.html HTTP/1., 2023-12-07 20:04:26
GET /index.html HTTP/1., 2023-12-07 20:04:26
GET /index.html HTTP/1., 2023-12-07 20:04:26
GET /index.html HTTP/1., 2023-12-07 20:04:26
GET /index.html HTTP/1., 2023-12-07 20:04:26
GET /index.html HTTP/1., 2023-12-07 20:04:26
GET /index.html HTTP/1., 2023-12-07 20:04:26
GET /index.html HTTP/1., 2023-12-07 20:04:26
GET /index.html HTTP/1., 2023-12-07 20:04:26
GET /index.html HTTP/1., 2023-12-07 20:04:26
GET /index.html HTTP/1., 2023-12-07 20:04:26
GET /index.html HTTP/1., 2023-12-07 20:04:26
GET /index.html HTTP/1., 2023-12-07 20:04:26
GET /index.html HTTP/1., 2023-12-07 20:04:26
GET /index.html HTTP/1., 2023-12-07 20:04:26
GET /index.html HTTP/1., 2023-12-07 20:04:26
GET /index.html HTTP/1., 2023-12-07 20:04:26
GET /index.html HTTP/1., 2023-12-07 20:04:26
GET /index.html HTTP/1., 2023-12-07 20:04:26
GET /index.html HTTP/1., 2023-12-07 20:04:26
GET /index.html HTTP/1., 2023-12-07 20:04:26
GET /index.html HTTP/1., 2023-12-07 20:04:26
GET /index.html HTTP/1., 2023-12-07 20:04:26
GET /index.html HTTP/1., 2023-12-07 20:04:26
GET /index.html HTTP/1., 2023-12-07 20:04:26
GET /index.html HTTP/1., 2023-12-07 20:04:26
GET /index.html HTTP/1., 2023-12-07 20:04:26
GET /index.html HTTP/1., 2023-12-07 20:04:26
GET /index.html HTTP/1., 2023-12-07 20:04:26
GET /index.html HTTP/1., 2023-12-07 20:04:26
GET /index.html HTTP/1., 2023-12-07 20:04:26
GET /index.html HTTP/1., 2023-12-07 20:04:26
GET /index.html HTTP/1., 2023-12-07 20:04:26
GET /index.html HTTP/1., 2023-12-07 20:04:26
GET /index.html HTTP/1., 2023-12-07 20:04:26
GET /index.html HTTP/1., 2023-12-07 20:04:26
GET /index.html HTTP/1., 2023-12-07 20:04:26
GET /index.html HTTP/1., 2023-12-07 20:04:26
GET /index.html HTTP/1., 2023-12-07 20:04:26
GET /index.html HTTP/1., 2023-12-07 20:04:26
GET /index.html HTTP/1., 2023-12-07 20:04:26
GET /index.html HTTP/1., 2023-12-07 20:04:26
GET /index.html HTTP/1., 2023-12-07 20:04:26
GET /index.html HTTP/1., 2023-12-07 20:04:26
GET /index.html HTTP/1., 2023-12-07 20:04:26
GET /index.html HTTP/1., 2023-12-07 20:04:26
GET /index.html HTTP/1., 2023-12-07 20:04:26
GET /index.html HTTP/1., 2023-12-07 20:04:26
GET /index.html HTTP/1., 2023-12-07 20:04:26
GET /index.html HTTP/1., 2023-12-07 20:04:26
GET /index.html HTTP/1., 2023-12-07 20:04:26
GET /index.html HTTP/1., 2023-12-07 20:04:26
GET /index.html HTTP/1., 2023-12-07 20:04:26
GET /index.html HTTP/1., 2023-12-07 20:04:26
GET /index.html HTTP/1., 2023-12-07 20:04:26
GET /index.html HTTP/1., 2023-12-07 20:04:26
GET /index.html HTTP/1., 2023-12-07 20:04:26
GET /index.html HTTP/1., 2023-12-07 20:04:26
GET /index.html HTTP/1., 2023-12-07 20:04:26
GET /index.html HTTP/1., 2023-12-07 20:04:26
GET /index.html HTTP/1., 2023-12-07 20:04:26
GET /index.html HTTP/1., 2023-12-07 20:04:26
GET / HTTP/1., 2023-12-07 20:04:48
GET / HTTP/1., 2023-12-07 20:04:48
GET /style.css HTTP/1., 2023-12-07 20:04:48
GET /style.css HTTP/1., 2023-12-07 20:04:48
GET / HTTP/1., 2023-12-07 20:08:11
GET / HTTP/1., 2023-12-07 20:08:11
GET /style.css HTTP/1., 2023-12-07 20:08:11
GET /style.css HTTP/1., 2023-12-07 20:08:11
GET /c.html HTTP/1., 2023-12-07 20:08:11
GET /c.html HTTP/1., 2023-12-07 20:08:11
GET /txtstyle.css HTTP/1., 2023-12-07 20:08:11
GET /txtstyle.css HTTP/1., 2023-12-07 20:08:11
GET / HTTP/1., 2023-12-07 20:09:23
GET / HTTP/1., 2023-12-07 20:09:23
GET /style.css HTTP/1., 2023-12-07 20:09:23
GET /style.css HTTP/1., 2023-12-07 20:09:23
GET /c.html HTTP/1., 2023-12-07 20:09:23
GET /c.html HTTP/1., 2023-12-07 20:09:23
GET /txtstyle.css HTTP/1., 2023-12-07 20:09:23
GET /txtstyle.css HTTP/1., 2023-12-07 20:09:23
GET /txtstyle.css HTTP/1., 2023-12-07 20:09:31
GET /style.css HTTP/1., 2023-12-07 20:09:31
GET /style.css HTTP/1., 2023-12-07 20:09:31
GET /txtstyle.css HTTP/1., 2023-12-07 20:09:31
GET / HTTP/1., 2023-12-07 20:09:32
GET / HTTP/1., 2023-12-07 20:09:32
GET /style.css HTTP/1., 2023-12-07 20:09:32
GET /style.css HTTP/1., 2023-12-07 20:09:32
GET /c.html HTTP/1., 2023-12-07 20:09:32
GET /c.html HTTP/1., 2023-12-07 20:09:32
GET /txtstyle.css HTTP/1., 2023-12-07 20:09:32
GET /txtstyle.css HTTP/1., 2023-12-07 20:09:32
GET / HTTP/1., 2023-12-07 20:10:52
GET / HTTP/1., 2023-12-07 20:10:52
GET /style.css HTTP/1., 2023-12-07 20:10:52
GET /style.css HTTP/1., 2023-12-07 20:10:52
GET / HTTP/1., 2023-12-07 20:11:11
GET / HTTP/1., 2023-12-07 20:11:11
GET /style.css HTTP/1., 2023-12-07 20:11:11
GET /style.css HTTP/1., 2023-12-07 20:11:11
GET /index.html HTTP/1., 2023-12-07 20:12:25
GET /index.html HTTP/1., 2023-12-07 20:12:25
GET /index.html HTTP/1., 2023-12-07 20:12:25
GET /index.html HTTP/1., 2023-12-07 20:12:25
GET /index.html HTTP/1., 2023-12-07 20:12:25
GET /index.html HTTP/1., 2023-12-07 20:12:25
GET /index.html HTTP/1., 2023-12-07 20:12:25
GET /index.html HTTP/1., 2023-12-07 20:12:25
GET /index.html HTTP/1., 2023-12-07 20:12:25
GET /index.html HTTP/1., 2023-12-07 20:12:25
GET / HTTP/1., 2023-12-07 20:13:17
GET / HTTP/1., 2023-12-07 20:13:17
GET /style.css HTTP/1., 2023-12-07 20:13:17
GET /style.css HTTP/1., 2023-12-07 20:13:17
GET / HTTP/1., 2023-12-07 20:13:47
GET / HTTP/1., 2023-12-07 20:13:47
GET /style.css HTTP/1., 2023-12-07 20:13:47
GET /style.css HTTP/1., 2023-12-07 20:13:47
GET / HTTP/1., 2023-12-07 20:14:00
GET / HTTP/1., 2023-12-07 20:14:00
GET /style.css HTTP/1., 2023-12-07 20:14:00
GET /style.css HTTP/1., 2023-12-07 20:14:00
GET / HTTP/1., 2023-12-07 20:14:27
GET / HTTP/1., 2023-12-07 20:14:27
GET /style.css HTTP/1., 2023-12-07 20:14:27
GET /style.css HTTP/1., 2023-12-07 20:14:27
GET / HTTP/1., 2023-12-07 20:17:42
GET / HTTP/1., 2023-12-07 20:17:42
GET /style.css HTTP/1., 2023-12-07 20:17:42
GET /style.css HTTP/1., 2023-12-07 20:17:42
GET / HTTP/1., 2023-12-07 20:19:25
GET / HTTP/1., 2023-12-07 20:19:25
GET /style.css HTTP/1., 2023-12-07 20:19:25
GET /style.css HTTP/1., 2023-12-07 20:19:25
GET / HTTP/1., 2023-12-07 20:23:21
GET / HTTP/1., 2023-12-07 20:23:21
GET /style.css HTTP/1., 2023-12-07 20:23:21
GET /style.css HTTP/1., 2023-12-07 20:23:21
