Server running on port: 8000
threads: 8
static directory: html
Type Ctrl + C to exit
Opened 4
Opened 6
Opened 7
Opened 8
Opened 9
Opened 11
Opened 12
Opened 13
Opened 14
Opened 4
Closed 4
Opened 5
Opened 16
Opened 17
Opened 18
Opened 19
Opened 20
Opened 21
Opened 22
Opened 23
Opened 24
Opened 25
Opened 26
Opened 27
Opened 15
Opened 28
Opened 30
Opened 31
Opened 32
Opened 29
Opened 33
Opened 34
Opened 35
Opened 36
Opened 37
Opened 38
Opened 10
Opened 39
Opened 40
Opened 41
Opened 42
Opened 43
Opened 44
Opened 45
Opened 46
Opened 47
Opened 48
Opened 49
Opened 50
Opened 51
Opened 52
Opened 53
Opened 54
Opened 55
Opened 56
Opened 57
Opened 58
Opened 59
Opened 60
Opened 61
Opened 62
Opened 63
Opened 64
Opened 65
Opened 66
Opened 67
Opened 68
Opened 69
Opened 70
Opened 71
Opened 72
Opened 73
Opened 74
Opened 75
Opened 76
Opened 77
Opened 78
Opened 79
Opened 80
Opened 81
Opened 82
Opened 83
Opened 84
Opened 85
Opened 86
Opened 87
Opened 88
Opened 89
Opened 90
Opened 91
Opened 92
Opened 93
Opened 94
Opened 95
Opened 96
Opened 97
Opened 98
Opened 99
Opened 100
Opened 101
Opened 102
Opened 103
Opened 104
Opened 105
Opened 106
Opened 107
Opened 108
Opened 110
Opened 111
Opened 112
Opened 113
Opened 114
Opened 115
Opened 116
Opened 117
Opened 118
Opened 119
Opened 120
Opened 121
Opened 123
Opened 125
Closed 6
Opened 109
Opened 127
Opened 128
Opened 129
Opened 130
Opened 131
Opened 132
Opened 133
Opened 134
Opened 135
Opened 136
Closed 13
Opened 137
Closed 12
Opened 126
Closed 11
Closed 9
Opened 122
Opened 124
Closed 16
Opened 16
Closed 5
Closed 17
Opened 4
Opened 6
Opened 9
Opened 13
Closed 4
Closed 18
Closed 21
Closed 19
Closed 22
Opened 19
Opened 21
Closed 24
Opened 22
Closed 20
Opened 20
Opened 24
Closed 25
Closed 26
Closed 27
Closed 15
Opened 5
Closed 28
Opened 12
Opened 27
Opened 28
Closed 31
Opened 17
Opened 31
Closed 29
Closed 33
Closed 23
Opened 33
Opened 15
Opened 138
Closed 32
Closed 30
Opened 30
Opened 139
Opened 18
Closed 36
Opened 35
Closed 35
Closed 34
Opened 34
Closed 37
Closed 10
Closed 38
Opened 23
Closed 40
Opened 26
Opened 40
Opened 141
Closed 39
Closed 41
Closed 42
Closed 45
Opened 39
Opened 41
Opened 42
Closed 47
Closed 46
Closed 43
Opened 43
Opened 45
Opened 46
Opened 47
Closed 48
Opened 48
Closed 49
Closed 44
Opened 32
Opened 44
Closed 51
Opened 51
Closed 50
Closed 52
Opened 50
Opened 52
Closed 54
Closed 53
Opened 53
Closed 55
Opened 54
Closed 56
Closed 14
Closed 59
Opened 55
Opened 56
Closed 57
Opened 57
Opened 59
Closed 58
Closed 63
Closed 61
Closed 60
Opened 38
Closed 64
Opened 60
Opened 61
Opened 63
Closed 66
Opened 64
Opened 66
Closed 67
Closed 65
Opened 65
Opened 67
Closed 70
Closed 69
Opened 69
Opened 70
Opened 37
Closed 68
Closed 71
Opened 68
Closed 74
Opened 74
Closed 73
Closed 75
Opened 73
Opened 75
Opened 140
Closed 77
Closed 76
Closed 72
Opened 72
Closed 78
Opened 76
Opened 36
Closed 82
Opened 77
Closed 80
Opened 49
Closed 81
Closed 79
Opened 79
Closed 83
Closed 85
Opened 78
Opened 81
Closed 84
Closed 86
Opened 83
Opened 84
Opened 11
Opened 85
Closed 88
Closed 87
Closed 89
Opened 87
Opened 88
Opened 89
Closed 94
Closed 90
Closed 92
Opened 90
Closed 91
Opened 91
Opened 92
Opened 94
Closed 98
Opened 98
Closed 96
Opened 58
Closed 93
Opened 86
Closed 97
Closed 99
Closed 100
Closed 95
Opened 82
Opened 95
Opened 99
Opened 100
Closed 101
Closed 104
Closed 102
Opened 71
Closed 105
Opened 101
Opened 102
Opened 104
Closed 103
Closed 106
Opened 103
Opened 96
Closed 108
Opened 106
Closed 110
Closed 112
Opened 105
Opened 108
Closed 113
Opened 112
Closed 114
Closed 111
Closed 107
Opened 107
Closed 115
Opened 110
Closed 116
Opened 111
Opened 113
Closed 119
Opened 114
Opened 115
Closed 117
Opened 117
Closed 121
Closed 125
Closed 123
Opened 121
Closed 120
Closed 118
Opened 118
Opened 120
Opened 123
Opened 125
Closed 109
Closed 127
Closed 129
Opened 116
Opened 127
Opened 129
Closed 128
Closed 132
Closed 131
Opened 128
Opened 131
Closed 130
Opened 132
Opened 130
Closed 134
Closed 133
Opened 133
Opened 109
Opened 134
Closed 137
Closed 135
Opened 93
Closed 126
Closed 122
Opened 122
Closed 16
Opened 135
Opened 137
Closed 136
Closed 4
Opened 126
Closed 6
Opened 10
Opened 136
Closed 19
Closed 21
Opened 6
Closed 124
Opened 80
Closed 13
Opened 97
Opened 124
Closed 22
Closed 5
Opened 13
Closed 9
Opened 16
Closed 24
Opened 22
Opened 24
Closed 20
Closed 27
Opened 20
Opened 9
Opened 27
Closed 28
Closed 12
Opened 4
Closed 33
Closed 31
Opened 17
Closed 17
Closed 15
Closed 138
Opened 12
Opened 31
Opened 33
Opened 138
Closed 30
Closed 18
Opened 21
Opened 30
Closed 34
Closed 35
Closed 26
Opened 26
Closed 23
Closed 39
Opened 5
Opened 23
Opened 34
Closed 139
Closed 141
Closed 40
Opened 39
Opened 40
Opened 139
Opened 141
Closed 42
Closed 41
Opened 19
Opened 28
Closed 45
Closed 43
Opened 15
Opened 41
Closed 48
Closed 46
Opened 46
Closed 47
Opened 47
Closed 32
Closed 44
Opened 42
Opened 43
Closed 51
Opened 44
Opened 119
Closed 53
Closed 50
Closed 52
Closed 54
Opened 50
Opened 52
Opened 32
Opened 53
Closed 57
Closed 56
Opened 56
Opened 51
Closed 55
Opened 55
Closed 59
Opened 59
Closed 61
Closed 38
Opened 38
Closed 60
Opened 18
Closed 64
Closed 63
Opened 57
Closed 67
Closed 65
Opened 63
Opened 64
Opened 65
Closed 66
Closed 37
Opened 61
Opened 66
Opened 67
Closed 69
Opened 48
Closed 70
Opened 35
Closed 68
Closed 75
Opened 68
Opened 70
Opened 74
Opened 37
Closed 74
Closed 72
Closed 73
Opened 72
Opened 69
Closed 36
Closed 76
Opened 73
Opened 76
Closed 140
Closed 77
Closed 78
Opened 77
Opened 78
Closed 83
Opened 83
Closed 81
Opened 140
Closed 49
Opened 75
Closed 84
Opened 84
Opened 36
Closed 85
Opened 81
Closed 79
Closed 11
Closed 88
Opened 60
Opened 88
Closed 89
Opened 79
Closed 87
Closed 90
Opened 89
Opened 90
Closed 98
Opened 49
Opened 54
Closed 94
Opened 91
Opened 92
Closed 92
Closed 91
Closed 58
Opened 85
Closed 86
Closed 95
Closed 99
Opened 95
Opened 98
Opened 99
Closed 82
Opened 87
Closed 100
Closed 102
Closed 71
Opened 94
Opened 100
Closed 101
Opened 101
Opened 102
Closed 104
Opened 104
Closed 96
Closed 108
Closed 103
Closed 106
Opened 96
Opened 103
Opened 106
Opened 108
Closed 112
Closed 111
Closed 110
Opened 110
Opened 111
Opened 112
Closed 113
Closed 114
Closed 105
Opened 105
Opened 113
Opened 114
Closed 107
Closed 121
Opened 107
Closed 118
Closed 117
Opened 117
Opened 118
Opened 121
Closed 115
Opened 115
Closed 120
Closed 123
Closed 127
Opened 120
Opened 123
Opened 127
Closed 131
Closed 116
Opened 116
Opened 131
Closed 132
Opened 132
Closed 129
Opened 129
Closed 128
Closed 130
Opened 128
Opened 130
Closed 125
Opened 45
Closed 109
Closed 134
Opened 125
Opened 134
Closed 122
Opened 122
Closed 133
Opened 86
Closed 62
Opened 93
Closed 8
Opened 25
Closed 7
Opened 7
Closed 136
Opened 71
Closed 6
Closed 80
Opened 29
Opened 80
Closed 97
Closed 124
Closed 137
Closed 13
Opened 14
Opened 97
Closed 16
Closed 93
Opened 124
Opened 133
Opened 136
Closed 22
Closed 9
Opened 16
Opened 22
Closed 4
Closed 135
Opened 109
Closed 126
Closed 20
Closed 12
Opened 12
Opened 20
Opened 6
Closed 17
Opened 17
Opened 135
Opened 137
Closed 33
Closed 21
Opened 21
Closed 30
Opened 33
Closed 26
Opened 26
Closed 5
Closed 23
Opened 23
Closed 34
Opened 30
Opened 4
Closed 39
Closed 139
Closed 40
Opened 39
Opened 40
Closed 141
Closed 19
Opened 19
Opened 126
Opened 139
Opened 141
Closed 28
Closed 41
Opened 28
Closed 46
Closed 15
Opened 34
Closed 24
Closed 47
Opened 41
Opened 46
Closed 42
Opened 42
Closed 119
Closed 43
Closed 50
Opened 43
Opened 47
Opened 50
Opened 5
Closed 32
Opened 32
Closed 52
Closed 53
Opened 52
Closed 56
Closed 51
Opened 24
Opened 56
Opened 82
Opened 51
Closed 55
Closed 38
Closed 59
Opened 55
Closed 138
Opened 59
Opened 119
Closed 31
Opened 13
Closed 18
Opened 18
Closed 57
Closed 63
Opened 57
Opened 63
Closed 61
Opened 61
Opened 138
Closed 67
Closed 66
Closed 48
Opened 15
Closed 35
Opened 48
Opened 66
Closed 68
Opened 67
Opened 68
Closed 70
Closed 74
Opened 31
Closed 37
Opened 53
Closed 72
Opened 72
Closed 69
Closed 73
Opened 70
Opened 73
Closed 78
Closed 76
Opened 74
Closed 77
Opened 76
Closed 140
Closed 83
Opened 9
Opened 78
Closed 84
Closed 75
Opened 75
Opened 83
Opened 84
Opened 140
Closed 81
Closed 36
Closed 60
Opened 37
Closed 88
Closed 79
Opened 77
Opened 79
Opened 81
Closed 90
Opened 88
Closed 49
Opened 49
Opened 35
Closed 89
Closed 91
Closed 65
Closed 54
Opened 65
Closed 92
Closed 85
Opened 38
Opened 69
Opened 85
Opened 89
Opened 90
Opened 91
Closed 98
Closed 87
Closed 99
Opened 87
Closed 94
Closed 64
Opened 94
Opened 98
Closed 100
Closed 101
Closed 102
Opened 99
Opened 100
Opened 101
Closed 96
Opened 60
Closed 103
Closed 110
Closed 106
Opened 102
Opened 103
Closed 111
Opened 106
Opened 54
Closed 105
Closed 112
Opened 105
Opened 96
Opened 108
Closed 108
Closed 113
Closed 104
Opened 104
Opened 112
Opened 113
Closed 114
Closed 117
Opened 114
Closed 107
Opened 111
Closed 121
Opened 117
Closed 115
Opened 115
Closed 120
Closed 123
Closed 95
Opened 8
Opened 120
Closed 127
Closed 131
Opened 62
Opened 64
Closed 116
Opened 107
Opened 121
Closed 129
Closed 130
Opened 123
Opened 127
Opened 129
Closed 128
Closed 27
Closed 45
Opened 45
Opened 130
Closed 125
Opened 125
Closed 134
Opened 131
Opened 36
Closed 93
Opened 86
Closed 86
Closed 25
Opened 25
Closed 7
Closed 71
Opened 71
Closed 29
Opened 29
Opened 116
Closed 80
Closed 14
Opened 80
Opened 14
Closed 97
Opened 110
Closed 133
Opened 93
Closed 136
Opened 134
Closed 124
Closed 16
Opened 7
Closed 109
Opened 109
Closed 12
Closed 22
Opened 22
Opened 97
Closed 17
Opened 17
Closed 6
Opened 12
Closed 20
Closed 135
Opened 124
Opened 133
Opened 135
Closed 137
Opened 27
Closed 21
Closed 33
Opened 21
Opened 33
Opened 122
Closed 26
Opened 128
Closed 23
Closed 30
Opened 23
Closed 4
Opened 6
Opened 30
Closed 39
Opened 39
Closed 122
Opened 136
Closed 19
Opened 26
Closed 40
Closed 126
Closed 44
Closed 10
Closed 141
Opened 19
Opened 40
Opened 126
Closed 41
Closed 28
Opened 28
Opened 58
Closed 34
Opened 34
Opened 137
Closed 42
Opened 44
Closed 47
Opened 47
Opened 141
Closed 50
Closed 118
Opened 50
Opened 118
Closed 32
Closed 5
Opened 41
Closed 52
Opened 42
Closed 56
Closed 82
Opened 5
Opened 56
Closed 51
Closed 55
Opened 51
Opened 55
Closed 59
Opened 59
Closed 119
Opened 32
Closed 13
Opened 82
Closed 18
Closed 57
Closed 63
Opened 13
Opened 57
Closed 61
Closed 15
Opened 16
Opened 61
Opened 63
Closed 138
Closed 48
Closed 66
Opened 48
Opened 66
Closed 67
Closed 31
Opened 31
Closed 68
Opened 67
Opened 68
Closed 53
Opened 53
Opened 119
Closed 70
Closed 72
Opened 70
Closed 73
Opened 72
Closed 74
Opened 73
Closed 9
Opened 52
Opened 15
Closed 76
Opened 76
Closed 75
Opened 75
Closed 83
Closed 78
Closed 84
Opened 78
Opened 83
Closed 77
Closed 140
Opened 77
Opened 84
Opened 138
Opened 140
Closed 37
Closed 79
Closed 88
Opened 20
Opened 79
Closed 81
Closed 35
Opened 35
Opened 81
Opened 88
Closed 49
Closed 38
Opened 38
Closed 65
Opened 65
Opened 74
Closed 85
Opened 85
Closed 69
Closed 89
Closed 90
Closed 43
Closed 24
Closed 87
Opened 43
Opened 9
Closed 91
Opened 87
Opened 49
Opened 90
Closed 94
Opened 91
Opened 92
Closed 100
Closed 101
Opened 94
Opened 100
Closed 102
Closed 103
Opened 101
Closed 60
Opened 60
Closed 106
Opened 89
Opened 103
Closed 54
Opened 54
Closed 105
Closed 96
Opened 37
Opened 105
Closed 108
Closed 104
Opened 104
Closed 112
Opened 18
Closed 114
Opened 106
Opened 112
Closed 111
Closed 117
Opened 96
Closed 113
Opened 69
Opened 111
Opened 114
Closed 115
Closed 8
Closed 120
Opened 113
Closed 62
Closed 98
Opened 98
Opened 115
Opened 102
Closed 64
Opened 8
Closed 121
Closed 107
Opened 108
Closed 127
Opened 120
Closed 129
Opened 121
Closed 99
Opened 117
Closed 130
Closed 45
Opened 107
Opened 127
Closed 132
Closed 139
Closed 131
Closed 86
Closed 29
Closed 46
Closed 71
Closed 80
Closed 25
Closed 123
Closed 14
Closed 110
Closed 93
Closed 134
Closed 7
Closed 109
Closed 97
Closed 22
Closed 17
Closed 135
Closed 12
Closed 124
Opened 14
Opened 22
Opened 24
Closed 133
Closed 27
Closed 21
Closed 122
Opened 21
Closed 23
Opened 4
Closed 30
Opened 25
Closed 128
Opened 11
Opened 29
Opened 30
Opened 46
Opened 71
Opened 80
Closed 33
Closed 136
Opened 10
Opened 86
Opened 93
Opened 95
Opened 97
Opened 99
Closed 6
Opened 17
Opened 109
Closed 26
Opened 27
Closed 39
Opened 39
Closed 19
Closed 126
Closed 28
Closed 58
Closed 40
Closed 34
Closed 137
Closed 47
Closed 44
Closed 50
Closed 141
Closed 41
Closed 42
Closed 118
Opened 28
Closed 5
Closed 59
Closed 56
Closed 32
Closed 125
Closed 82
Closed 57
Closed 13
Closed 55
Closed 16
Closed 63
Closed 51
Closed 48
Closed 66
Closed 67
Closed 61
Closed 53
Closed 68
Closed 119
Closed 36
Closed 70
Closed 52
Closed 73
Closed 76
Closed 78
Closed 15
Closed 84
Closed 72
Closed 83
Closed 75
Closed 140
Closed 138
Closed 20
Closed 81
Closed 88
Closed 38
Closed 35
Closed 65
Closed 79
Closed 85
Closed 43
Opened 19
Closed 74
Closed 90
Closed 87
Opened 20
Closed 91
Opened 5
Closed 49
Closed 9
Closed 94
Opened 6
Closed 101
Opened 32
Closed 92
Opened 33
Opened 34
Opened 35
Closed 60
Closed 100
Closed 77
Opened 36
Closed 89
Opened 38
Closed 103
Opened 40
Opened 41
Opened 42
Closed 37
Closed 54
Closed 112
Closed 106
Opened 37
Opened 43
Closed 18
Opened 18
Closed 96
Opened 44
Opened 47
Opened 48
Opened 49
Opened 50
Opened 51
Opened 52
Opened 53
Opened 54
Opened 55
Closed 69
Closed 105
Closed 114
Closed 111
Closed 113
Closed 8
Closed 115
Closed 116
Closed 120
Closed 108
Closed 102
Closed 98
Opened 45
Closed 107
Closed 14
Closed 22
Closed 121
Closed 24
Closed 127
Closed 25
Closed 21
Closed 4
Closed 11
Opened 11
Closed 29
Opened 12
Closed 30
Closed 46
Closed 80
Closed 71
Closed 10
Closed 93
Closed 95
Opened 13
Closed 97
Opened 15
Opened 21
Opened 22
Opened 24
Opened 25
Closed 99
Closed 86
Closed 27
Closed 39
Closed 109
Closed 17
Opened 17
Opened 27
Opened 29
Closed 28
Opened 28
Closed 20
Closed 19
Opened 19
Closed 32
Opened 20
Closed 5
Closed 35
Closed 6
Closed 34
Opened 10
Closed 36
Closed 33
Closed 41
Opened 8
Closed 40
Closed 38
Opened 4
Opened 7
Closed 42
Closed 117
Closed 31
Closed 104
Opened 6
Opened 9
Opened 14
Opened 16
Opened 23
Opened 26
Opened 30
Opened 31
Opened 32
Opened 33
Opened 34
Opened 35
Opened 36
Opened 38
Opened 39
Opened 40
Opened 5
Opened 42
Opened 56
Opened 57
Opened 58
Opened 59
Opened 60
Opened 61
Opened 62
Opened 67
Opened 68
Closed 37
Opened 37
Opened 41
Opened 46
Opened 69
Opened 72
Opened 74
Opened 77
Opened 78
Opened 79
Opened 80
Opened 81
Opened 82
Opened 83
Opened 70
Closed 43
Closed 51
Closed 18
Closed 44
Closed 54
Closed 53
Closed 52
Closed 47
Closed 48
Closed 55
Closed 45
Closed 11
Closed 12
Opened 45
Closed 21
Closed 22
Closed 13
Closed 17
Closed 25
Opened 22
Closed 24
Closed 27
Closed 19
Closed 29
Closed 10
Opened 11
Closed 20
Opened 20
Opened 21
Opened 24
Closed 28
Closed 4
Closed 8
Opened 8
Opened 18
Opened 25
Opened 27
Closed 6
Opened 19
Closed 9
Opened 4
Opened 28
Closed 7
Opened 10
Closed 14
Opened 6
Closed 23
Opened 23
Opened 29
Opened 17
Closed 26
Opened 9
Opened 44
Opened 47
Opened 51
Opened 52
Opened 53
Closed 16
Closed 30
Closed 31
Closed 34
Closed 33
Closed 32
Closed 38
Closed 36
Closed 50
Closed 39
Closed 40
Opened 31
Closed 5
Closed 42
Closed 35
Closed 49
Closed 58
Opened 32
Opened 33
Closed 59
Closed 62
Closed 60
Opened 26
Closed 57
Opened 35
Closed 67
Opened 36
Opened 38
Opened 7
Closed 61
Opened 40
Closed 69
Opened 42
Opened 43
Closed 68
Opened 39
Opened 50
Opened 54
Opened 55
Opened 57
Opened 58
Closed 41
Closed 46
Opened 34
Opened 46
Closed 77
Opened 59
Opened 60
Opened 61
Opened 12
Closed 78
Closed 74
Closed 72
Opened 63
Opened 64
Opened 65
Opened 66
Opened 67
Opened 68
Closed 79
Closed 80
Opened 49
Opened 69
Closed 83
Closed 15
Opened 13
Opened 15
Closed 70
Closed 81
Closed 82
Closed 45
Closed 37
Opened 14
Opened 16
Closed 56
Opened 30
Opened 37
Opened 41
Opened 48
Opened 56
Opened 73
Closed 22
Closed 21
Closed 8
Closed 24
Closed 20
Closed 27
Closed 10
Closed 4
Closed 28
Closed 19
Closed 17
Opened 8
Opened 20
Closed 6
Opened 6
Opened 17
Opened 22
Opened 27
Closed 23
Opened 23
Closed 29
Closed 9
Opened 19
Closed 47
Closed 51
Closed 44
Opened 10
Opened 29
Closed 52
Opened 44
Opened 45
Opened 47
Closed 33
Closed 18
Closed 26
Closed 53
Closed 38
Opened 26
Opened 28
Closed 35
Closed 31
Closed 40
Closed 32
Closed 7
Closed 43
Closed 42
Closed 39
Opened 31
Closed 54
Closed 50
Closed 55
Opened 32
Opened 33
Closed 58
Closed 34
Closed 46
Closed 60
Closed 59
Opened 9
Opened 35
Opened 38
Closed 61
Opened 39
Closed 64
Closed 57
Closed 12
Closed 65
Closed 63
Opened 24
Closed 66
Closed 67
Closed 49
Opened 34
Opened 40
Opened 42
Closed 68
Closed 14
Opened 7
Closed 69
Opened 46
Closed 15
Closed 16
Opened 12
Opened 21
Opened 49
Opened 50
Opened 51
Opened 52
Opened 13
Closed 13
Closed 41
Opened 41
Closed 30
Opened 14
Closed 48
Opened 5
Closed 37
Opened 30
Opened 37
Opened 43
Opened 15
Closed 73
Opened 48
Opened 53
Closed 56
Opened 16
Closed 11
Opened 11
Opened 54
Opened 55
Opened 4
Closed 36
Opened 36
Opened 56
Closed 25
Opened 25
Opened 57
Opened 58
Opened 61
Opened 62
Opened 63
Opened 64
Opened 65
Opened 72
Closed 20
Closed 8
Closed 6
Closed 22
Closed 17
Opened 17
Closed 29
Closed 10
Closed 23
Closed 19
Opened 8
Opened 10
Closed 27
Opened 6
Opened 19
Opened 20
Opened 22
Opened 23
Opened 27
Opened 29
Opened 59
Opened 60
Opened 66
Opened 67
Opened 68
Closed 44
Closed 45
Closed 9
Closed 47
Closed 26
Closed 35
Closed 28
Opened 45
Opened 47
Closed 39
Closed 24
Closed 34
Closed 38
Opened 34
Closed 40
Opened 35
Opened 38
Closed 46
Opened 40
Opened 44
Opened 46
Opened 69
Closed 21
Closed 42
Closed 12
Closed 49
Opened 18
Closed 7
Opened 24
Opened 39
Opened 42
Closed 52
Opened 28
Closed 51
Opened 51
Closed 41
Closed 5
Opened 41
Opened 49
Closed 50
Closed 13
Closed 14
Opened 12
Closed 37
Opened 14
Opened 37
Opened 50
Closed 15
Opened 15
Closed 30
Opened 26
Opened 52
Opened 70
Opened 5
Closed 43
Closed 53
Closed 48
Opened 48
Opened 53
Opened 30
Closed 54
Closed 11
Closed 55
Opened 54
Opened 55
Closed 16
Closed 4
Closed 36
Closed 56
Opened 9
Closed 25
Closed 58
Closed 57
Opened 25
Opened 36
Closed 63
Opened 43
Opened 56
Opened 57
Closed 64
Opened 13
Opened 58
Opened 63
Opened 64
Closed 72
Closed 17
Opened 71
Opened 72
Opened 73
Opened 74
Closed 61
Opened 61
Opened 78
Closed 10
Closed 6
Closed 8
Opened 11
Opened 17
Opened 21
Closed 62
Closed 65
Opened 62
Opened 65
Closed 19
Closed 20
Closed 23
Closed 29
Opened 19
Closed 60
Closed 27
Closed 66
Closed 31
Closed 22
Closed 67
Opened 8
Closed 59
Closed 68
Closed 32
Closed 45
Closed 47
Closed 47
Opened 23
Closed 33
Closed 33
Opened 29
Closed 34
Opened 32
Opened 33
Closed 38
Opened 34
Opened 10
Closed 38
Opened 34
Closed 34
Opened 16
Opened 47
Opened 59
Opened 60
Closed 44
Closed 44
Opened 44
Opened 44
Opened 66
Opened 67
Opened 68
Opened 75
Opened 76
Opened 77
Opened 79
Opened 7
Opened 40
Closed 46
Closed 40
Closed 35
Closed 35
Closed 46
Closed 40
Opened 46
Opened 35
Closed 18
Opened 18
Opened 40
Opened 18
Closed 18
Opened 31
Opened 46
Opened 81
Opened 82
Opened 83
Opened 84
Closed 69
Closed 69
Closed 24
Closed 24
Closed 39
Closed 39
Closed 49
Closed 49
Closed 42
Closed 42
Closed 37
Closed 37
Closed 14
Closed 14
Closed 50
Closed 50
Closed 52
Closed 52
Closed 28
Closed 28
Closed 5
Closed 5
Closed 41
Closed 41
Closed 53
Closed 53
Closed 70
Closed 70
Closed 15
Closed 15
Closed 48
Closed 12
Closed 48
Closed 12
Closed 51
Closed 51
Closed 55
Closed 55
Closed 26
Closed 26
Closed 43
Closed 43
Closed 36
Closed 36
Closed 57
Closed 57
Closed 25
Closed 25
Closed 30
Closed 30
Closed 9
Closed 9
Closed 63
Closed 63
Closed 64
Closed 73
Closed 73
Closed 64
Closed 13
Closed 13
Closed 72
Closed 72
Closed 56
Closed 56
Closed 71
Closed 71
Closed 58
Closed 58
Closed 61
Closed 61
Closed 11
Closed 11
Closed 78
Closed 78
Closed 19
Closed 74
Closed 74
Closed 19
Closed 8
Closed 8
Closed 23
Closed 23
Closed 54
Closed 54
Closed 21
Closed 21
Closed 65
Closed 65
Closed 34
Closed 29
Closed 29
Closed 32
Closed 32
Closed 47
Closed 47
Closed 34
Closed 62
Closed 62
Closed 44
Closed 16
Closed 16
Closed 59
Closed 59
Closed 44
Closed 33
Closed 33
Closed 67
Closed 67
Closed 68
Closed 68
Closed 60
Closed 60
Closed 17
Closed 17
Closed 75
Closed 75
Closed 79
Closed 79
Closed 7
Closed 7
Closed 46
Closed 46
Closed 40
Closed 18
Closed 18
Closed 46
Closed 81
Closed 82
Closed 83
Closed 84
Closed 76
Closed 66
Closed 76
Closed 66
Closed 40
Closed 35
Closed 35
Closed 77
Closed 77
Closed 10
Closed 10
Closed 31
Closed 31
Opened 4
Closed 4
Opened 4
Opened 6
Opened 9
Opened 10
Opened 11
Opened 12
Opened 13
Opened 8
Opened 16
Opened 17
Opened 18
Opened 19
Opened 20
Opened 21
Opened 22
Opened 23
Opened 24
Opened 25
Opened 26
Opened 27
Opened 28
Opened 29
Opened 30
Opened 31
Opened 32
Opened 33
Opened 34
Opened 35
Opened 36
Opened 37
Opened 38
Opened 39
Opened 40
Opened 41
Opened 42
Opened 43
Opened 44
Opened 45
Opened 46
Opened 47
Opened 48
Opened 49
Opened 50
Opened 51
Opened 52
Opened 53
Opened 54
Opened 55
Opened 56
Opened 57
Opened 58
Opened 59
Opened 60
Opened 61
Opened 62
Opened 63
Opened 64
Opened 65
Opened 66
Opened 67
Opened 68
Opened 69
Opened 70
Opened 71
Opened 72
Opened 73
Opened 74
Opened 75
Opened 76
Opened 77
Opened 78
Opened 79
Opened 80
Opened 81
Opened 82
Opened 83
Opened 84
Opened 85
Opened 86
Opened 87
Opened 95
Opened 97
Closed 4
Opened 4
Opened 88
Opened 98
Opened 100
Opened 101
Opened 102
Closed 9
Opened 9
Closed 8
Opened 89
Opened 103
Opened 104
Opened 105
Closed 11
Closed 16
Opened 11
Closed 17
Opened 8
Opened 17
Opened 99
Closed 10
Opened 10
Closed 18
Opened 93
Opened 16
Closed 20
Opened 20
Closed 19
Closed 23
Closed 24
Closed 21
Closed 25
Closed 26
Closed 27
Closed 30
Closed 29
Closed 31
Closed 32
Closed 33
Closed 22
Closed 35
Closed 34
Closed 34
Closed 38
Closed 38
Closed 28
Closed 28
Closed 40
Closed 40
Closed 42
Closed 42
Closed 41
Closed 41
Closed 39
Closed 39
Closed 45
Closed 45
Closed 13
Closed 13
Closed 36
Closed 36
Closed 47
Closed 47
Closed 46
Closed 46
Closed 12
Closed 12
Closed 48
Closed 48
Closed 49
Closed 49
Closed 6
Closed 6
Closed 43
Closed 43
Closed 53
Closed 53
Closed 37
Closed 37
Closed 54
Closed 54
Closed 55
Closed 55
Closed 59
Closed 59
Closed 56
Closed 56
Closed 44
Closed 44
Closed 58
Closed 58
Closed 60
Closed 60
Closed 50
Closed 50
Closed 64
Closed 64
Closed 62
Closed 63
Closed 62
Closed 63
Closed 65
Closed 65
Closed 51
Closed 51
Closed 61
Closed 61
Closed 68
Closed 68
Closed 70
Closed 70
Closed 72
Closed 72
Closed 66
Closed 66
Closed 75
Closed 75
Closed 67
Closed 67
Closed 74
Closed 74
Closed 76
Closed 76
Closed 71
Closed 71
Closed 77
Closed 77
Closed 80
Closed 80
Closed 52
Closed 52
Closed 57
Closed 57
Closed 81
Closed 81
Closed 82
Closed 83
Closed 83
Closed 82
Closed 85
Closed 85
Closed 73
Closed 73
Closed 84
Closed 84
Closed 87
Closed 87
Closed 97
Closed 97
Closed 69
Closed 69
Closed 4
Closed 4
Closed 88
Closed 88
Closed 95
Closed 95
Closed 100
Closed 100
Closed 101
Closed 101
Closed 98
Closed 98
Closed 9
Closed 9
Closed 105
Closed 105
Closed 11
Closed 11
Closed 89
Closed 89
Closed 17
Closed 99
Closed 10
Closed 93
Closed 16
Closed 20
Closed 103
Closed 103
Closed 102
Closed 102
Closed 104
Closed 104
Closed 79
Closed 79
Closed 8
Closed 8
Closed 86
Closed 86
Closed 78
Closed 78
Opened 4
Closed 4
Opened 4
Opened 6
Opened 9
Opened 10
Opened 11
Opened 12
Opened 13
Opened 16
Opened 17
Opened 18
Opened 19
Opened 20
Opened 21
Opened 22
Opened 23
Opened 24
Opened 25
Opened 26
Opened 27
Opened 28
Opened 29
Opened 30
Opened 31
Opened 32
Opened 33
Opened 34
Opened 36
Opened 37
Closed 4
Closed 9
Closed 9
Closed 6
Closed 6
Closed 11
Closed 11
Closed 10
Closed 10
Closed 16
Closed 16
Closed 12
Closed 12
Closed 23
Closed 18
Closed 18
Closed 25
Closed 26
Closed 27
Closed 17
Closed 28
Closed 17
Closed 29
Closed 30
Closed 31
Closed 32
Closed 33
Closed 34
Closed 36
Closed 37
Closed 13
Closed 13
Closed 20
Closed 20
Closed 22
Closed 24
Closed 21
Closed 21
Closed 19
Closed 19
Opened 4
Closed 4
Opened 4
Opened 6
Opened 9
Opened 10
Opened 11
Opened 12
Opened 13
Opened 16
Opened 8
Opened 17
Opened 18
Opened 19
Opened 20
Opened 21
Opened 22
Opened 23
Opened 24
Opened 25
Opened 26
Opened 27
Opened 28
Opened 29
Opened 30
Opened 31
Opened 32
Opened 33
Opened 34
Opened 35
Opened 36
Opened 37
Opened 38
Opened 39
Opened 40
Opened 41
Opened 42
Opened 43
Opened 44
Opened 45
Opened 46
Opened 47
Opened 48
Opened 49
Opened 50
Opened 51
Opened 52
Opened 53
Opened 54
Opened 55
Opened 56
Opened 57
Opened 58
Opened 59
Opened 60
Opened 61
Opened 62
Opened 63
Opened 64
Opened 65
Opened 66
Opened 67
Opened 68
Opened 69
Opened 70
Opened 71
Opened 72
Opened 73
Opened 74
Opened 75
Opened 76
Opened 77
Opened 78
Opened 79
Opened 80
Opened 81
Opened 82
Opened 84
Opened 85
Opened 86
Opened 88
Opened 89
Opened 93
Opened 94
Closed 6
Closed 12
Opened 83
Opened 91
Opened 96
Closed 11
Opened 87
Opened 97
Opened 98
Closed 8
Closed 16
Closed 18
Closed 13
Closed 17
Closed 20
Closed 19
Closed 23
Closed 21
Closed 22
Closed 25
Closed 25
Closed 24
Closed 24
Closed 22
Closed 4
Closed 4
Closed 27
Closed 27
Closed 30
Closed 30
Closed 29
Closed 29
Closed 26
Closed 26
Closed 32
Closed 33
Closed 32
Closed 33
Closed 34
Closed 34
Closed 36
Closed 36
Closed 28
Closed 28
Closed 35
Closed 35
Closed 38
Closed 38
Closed 37
Closed 37
Closed 40
Closed 40
Closed 43
Closed 43
Closed 42
Closed 42
Closed 39
Closed 39
Closed 41
Closed 41
Closed 9
Closed 9
Closed 44
Closed 44
Closed 45
Closed 45
Closed 46
Closed 46
Closed 47
Closed 47
Closed 48
Closed 48
Closed 50
Closed 50
Closed 53
Closed 52
Closed 53
Closed 52
Closed 51
Closed 51
Closed 55
Closed 49
Closed 55
Closed 49
Closed 57
Closed 57
Closed 54
Closed 54
Closed 61
Closed 61
Closed 63
Closed 63
Closed 56
Closed 56
Closed 59
Closed 59
Closed 64
Closed 64
Closed 58
Closed 58
Closed 65
Closed 65
Closed 62
Closed 62
Closed 67
Closed 67
Closed 10
Closed 10
Closed 70
Closed 70
Closed 60
Closed 60
Closed 69
Closed 69
Closed 66
Closed 66
Closed 73
Closed 73
Closed 68
Closed 68
Closed 76
Closed 76
Closed 75
Closed 75
Closed 78
Closed 78
Closed 71
Closed 71
Closed 80
Closed 80
Closed 82
Closed 82
Closed 77
Closed 77
Closed 79
Closed 79
Closed 85
Closed 85
Closed 81
Closed 81
Closed 84
Closed 84
Closed 88
Closed 88
Closed 86
Closed 86
Closed 93
Closed 93
Closed 83
Closed 83
Closed 87
Closed 97
Closed 94
Closed 98
Closed 94
Closed 89
Closed 89
Closed 91
Closed 91
Closed 96
Closed 96
Closed 72
Closed 72
Closed 31
Closed 31
Closed 74
Closed 74
Closing socket...
stopping server
thread 0	wrote: 1016968	read: 12052
thread 1	wrote: 1220712	read: 13800
thread 2	wrote: 889423	read: 10396
thread 3	wrote: 1006930	read: 11684
thread 4	wrote: 1306457	read: 14260
thread 5	wrote: 1367583	read: 15456
thread 6	wrote: 1333809	read: 14352
thread 7	wrote: 1271418	read: 13708
Total bytes received: 105708 Bytes
Total bytes sent: 9413300 Bytes
